<datasources>

<local-tx-datasource>
  <jndi-name>QueryToolBLUEHERONDS</jndi-name>
  <driver-class>oracle.jdbc.driver.OracleDriver</driver-class>
  <connection-url>jdbc:oracle:thin:@testhost:1521:DB1</connection-url>
  <user-name>BLUEHERONdata</user-name>
  <password>xyzpdq</password>

</local-tx-datasource>
</datasources>
